Symbol table level 0
 16535568        real  BASIC  basicdt   1          siz     8
 16535664     integer  BASIC  basicdt   0          siz     4
 16535760        char  BASIC  basicdt   2          siz     1
 16535856     boolean  BASIC  basicdt   3          siz     4
 16535952         exp  knd 5 0  typ 16536048  lvl  0  siz     0  off     0
(FUNCTION real
          real)
 16536240       trexp  knd 5 0  typ 16536336  lvl  0  siz     0  off     0
(FUNCTION real
          real)
 16536528         sin  knd 5 0  typ 16536624  lvl  0  siz     0  off     0
(FUNCTION real
          real)
 16536816         cos  knd 5 0  typ 16536912  lvl  0  siz     0  off     0
(FUNCTION real
          real)
 16537104       trsin  knd 5 0  typ 16537200  lvl  0  siz     0  off     0
(FUNCTION real
          real)
 16537392        sqrt  knd 5 0  typ 16537488  lvl  0  siz     0  off     0
(FUNCTION real
          real)
 16537680       round  knd 5 0  typ 16537776  lvl  0  siz     0  off     0
(FUNCTION real
          real)
 16537968      iround  knd 5 0  typ 16538064  lvl  0  siz     0  off     0
(FUNCTION integer
          real)
 16538256         ord  knd 5 0  typ 16538352  lvl  0  siz     0  off     0
(FUNCTION integer
          integer)
 16538544         new  knd 5 0  typ 16538640  lvl  0  siz     0  off     0
(FUNCTION integer
          integer)
 16538832       trnew  knd 5 0  typ 16538928  lvl  0  siz     0  off     0
(FUNCTION integer
          integer)
 16539120       write  knd 5 0  typ 16539216  lvl  0  siz     0  off     0
(FUNCTION NULL
          char)
 16539408     writeln  knd 5 0  typ 16539504  lvl  0  siz     0  off     0
(FUNCTION NULL
          char)
 16539696      writef  knd 5 0  typ 16539792  lvl  0  siz     0  off     0
(FUNCTION NULL
          real)
 16539984    writelnf  knd 5 0  typ 16540080  lvl  0  siz     0  off     0
(FUNCTION NULL
          real)
 16540272      writei  knd 5 0  typ 16540368  lvl  0  siz     0  off     0
(FUNCTION NULL
          integer)
 16540560    writelni  knd 5 0  typ 16540656  lvl  0  siz     0  off     0
(FUNCTION NULL
          integer)
 16540848        read  knd 5 0  typ 16540944  lvl  0  siz     0  off     0
(FUNCTION NULL
          NULL)
 16541136      readln  knd 5 0  typ 16541232  lvl  0  siz     0  off     0
(FUNCTION NULL
          NULL)
 16541424         eof  knd 5 0  typ 16541520  lvl  0  siz     0  off     0
(FUNCTION boolean
          NULL)
Symbol table level 1
 16624416           d  CONST  typ    REAL  val  6.250000e-02
 16624768           s  CONST  typ INTEGER  val  32
 16625120           h  CONST  typ INTEGER  val  34
 16625472           c  CONST  typ    REAL  val  6.283180e+00
 16625824         lim  CONST  typ INTEGER  val  32
 16626432           x  VAR    1 typ    real  lvl  1  siz     8  off     0
 16626528           y  VAR    1 typ    real  lvl  1  siz     8  off     8
 16627008           i  VAR    0 typ integer  lvl  1  siz     4  off    16
 16627104           n  VAR    0 typ integer  lvl  1  siz     4  off    20
yyparse result =        0
(program graph1 (progn output)
                (progn (progn (:= i 0)
                              (label 1)
                              (if (<= i 32)
                                  (progn (progn (:= x (* 6.250000e-02
                                                         (float i)))
                                                (:= y (float (* (funcall exp
                                                                         (- x))
                                                                (funcall sin
                                                                         (* 6.283180e+00
                                                                            x)))))
                                                (:= n (+ (funcall iround
                                                                  (* 3.200000e+01
                                                                     y))
                                                         34))
                                                (progn (label 0)
                                                       (progn (funcall write
                                                                       ' ')
                                                              (:= n
                                                                  (- n
                                                                     1)))
                                                       (if (= n
                                                              0)
                                                           (progn)
                                                           (goto 0)))
                                                (funcall writeln '*'))
                                         (:= i (+ i 1))
                                         (goto 1))))))
